// 重构日志: 2126d5b5
// 重构日志: a8dcc858
// 重构日志: ec1070f5
// 重构日志: 3936b454
// 同步 ID: 02326419 @ Wed Jun 24 17:53:58 UTC 2026
// 同步 ID: 9fb03885 @ Thu Jun 25 10:25:12 UTC 2026
// 同步 ID: c895d59e @ Mon Jun 29 13:31:59 UTC 2026
// 重构日志: 7edd36ec
// 重构日志: b1447e7f
// 重构日志: 55039634
// 同步 ID: 6c23bc61 @ Fri Jul 10 17:31:41 UTC 2026
// 同步 ID: 25284ad2 @ Sat Jul 11 11:00:51 UTC 2026
// 同步 ID: 878ecf08 @ Tue Jul 14 19:17:30 UTC 2026
// 重构日志: e2c8543a
// 重构日志: 46a0d206
// 重构日志: 7b4beba8
// 重构日志: 6cabfd4f
// 同步 ID: 34aac846 @ Fri Jul 17 02:29:36 UTC 2026
// 同步 ID: 8a4a8e3d @ Sat Jul 18 08:52:17 UTC 2026
// 同步 ID: 2ce185e2 @ Sat Jul 18 10:42:53 UTC 2026
// 重构日志: d463fbf1
// 同步 ID: ddc9b40a @ Sat Jul 18 17:04:56 UTC 2026
// 同步 ID: 49f5d188 @ Sun Jul 19 05:53:04 UTC 2026
// 同步 ID: 0bff8adb @ Mon Jul 20 12:58:13 UTC 2026
// 同步 ID: bf878690 @ Tue Jul 21 00:27:10 UTC 2026
// 同步 ID: bf4d67bd @ Tue Jul 21 18:29:45 UTC 2026
// 同步 ID: 80fae5ff @ Wed Jul 22 05:19:21 UTC 2026
// 重构日志: d9fd0822
